21801 2423 1000
18719
Dataset({
    features: ['English', 'Vietnamese', 'input_ids', 'attention_mask', 'labels', 'Bahnar', '__index_level_0__'],
    num_rows: 40520
})
40520
{'loss': 0.5365, 'grad_norm': 0.34862270951271057, 'learning_rate': 1.9210734017363852e-05, 'epoch': 0.39}
{'loss': 0.4334, 'grad_norm': 0.37637990713119507, 'learning_rate': 1.8421468034727706e-05, 'epoch': 0.79}
{'eval_loss': 0.40259668231010437, 'eval_runtime': 9.9874, 'eval_samples_per_second': 242.605, 'eval_steps_per_second': 7.61, 'epoch': 1.0}
{'loss': 0.3987, 'grad_norm': 0.39158108830451965, 'learning_rate': 1.7632202052091556e-05, 'epoch': 1.18}
{'loss': 0.3752, 'grad_norm': 0.37865373492240906, 'learning_rate': 1.684293606945541e-05, 'epoch': 1.58}
{'loss': 0.3663, 'grad_norm': 0.39996346831321716, 'learning_rate': 1.605367008681926e-05, 'epoch': 1.97}
{'eval_loss': 0.36397111415863037, 'eval_runtime': 10.0082, 'eval_samples_per_second': 242.101, 'eval_steps_per_second': 7.594, 'epoch': 2.0}
{'loss': 0.3484, 'grad_norm': 0.3717134892940521, 'learning_rate': 1.526440410418311e-05, 'epoch': 2.37}
{'loss': 0.342, 'grad_norm': 0.37322917580604553, 'learning_rate': 1.4475138121546963e-05, 'epoch': 2.76}
{'eval_loss': 0.33895251154899597, 'eval_runtime': 10.0096, 'eval_samples_per_second': 242.067, 'eval_steps_per_second': 7.593, 'epoch': 3.0}
{'loss': 0.3294, 'grad_norm': 0.5261486768722534, 'learning_rate': 1.3685872138910814e-05, 'epoch': 3.16}
{'loss': 0.3229, 'grad_norm': 0.3723871409893036, 'learning_rate': 1.2896606156274664e-05, 'epoch': 3.55}
{'loss': 0.3141, 'grad_norm': 0.46330857276916504, 'learning_rate': 1.2107340173638518e-05, 'epoch': 3.95}
{'eval_loss': 0.3227848410606384, 'eval_runtime': 9.979, 'eval_samples_per_second': 242.811, 'eval_steps_per_second': 7.616, 'epoch': 4.0}
{'loss': 0.3081, 'grad_norm': 0.3750886023044586, 'learning_rate': 1.1318074191002368e-05, 'epoch': 4.34}
{'loss': 0.3028, 'grad_norm': 0.4191167652606964, 'learning_rate': 1.052880820836622e-05, 'epoch': 4.74}
{'eval_loss': 0.31113314628601074, 'eval_runtime': 9.9881, 'eval_samples_per_second': 242.589, 'eval_steps_per_second': 7.609, 'epoch': 5.0}
{'loss': 0.2962, 'grad_norm': 0.33381417393684387, 'learning_rate': 9.739542225730073e-06, 'epoch': 5.13}
{'loss': 0.2907, 'grad_norm': 0.37245404720306396, 'learning_rate': 8.950276243093923e-06, 'epoch': 5.52}
{'loss': 0.2912, 'grad_norm': 0.4386730194091797, 'learning_rate': 8.161010260457775e-06, 'epoch': 5.92}
{'eval_loss': 0.30331549048423767, 'eval_runtime': 10.0015, 'eval_samples_per_second': 242.263, 'eval_steps_per_second': 7.599, 'epoch': 6.0}
{'loss': 0.2834, 'grad_norm': 0.34878766536712646, 'learning_rate': 7.371744277821627e-06, 'epoch': 6.31}
{'loss': 0.28, 'grad_norm': 0.40931302309036255, 'learning_rate': 6.582478295185478e-06, 'epoch': 6.71}
{'eval_loss': 0.2970901429653168, 'eval_runtime': 9.9957, 'eval_samples_per_second': 242.405, 'eval_steps_per_second': 7.603, 'epoch': 7.0}
{'loss': 0.2816, 'grad_norm': 0.3550594747066498, 'learning_rate': 5.79321231254933e-06, 'epoch': 7.1}
{'loss': 0.2766, 'grad_norm': 0.3918273448944092, 'learning_rate': 5.003946329913181e-06, 'epoch': 7.5}
{'loss': 0.2749, 'grad_norm': 0.36295148730278015, 'learning_rate': 4.214680347277033e-06, 'epoch': 7.89}
{'eval_loss': 0.2933668792247772, 'eval_runtime': 9.9912, 'eval_samples_per_second': 242.514, 'eval_steps_per_second': 7.607, 'epoch': 8.0}
{'loss': 0.2708, 'grad_norm': 0.3303939700126648, 'learning_rate': 3.4254143646408845e-06, 'epoch': 8.29}
{'loss': 0.2742, 'grad_norm': 0.37311097979545593, 'learning_rate': 2.6361483820047358e-06, 'epoch': 8.68}
{'eval_loss': 0.2911684513092041, 'eval_runtime': 9.9975, 'eval_samples_per_second': 242.361, 'eval_steps_per_second': 7.602, 'epoch': 9.0}
{'loss': 0.2689, 'grad_norm': 0.3539752960205078, 'learning_rate': 1.8468823993685875e-06, 'epoch': 9.08}
{'loss': 0.267, 'grad_norm': 0.4146616458892822, 'learning_rate': 1.0576164167324388e-06, 'epoch': 9.47}
{'loss': 0.2702, 'grad_norm': 0.40371087193489075, 'learning_rate': 2.6835043409629047e-07, 'epoch': 9.87}
{'eval_loss': 0.2902277112007141, 'eval_runtime': 9.9912, 'eval_samples_per_second': 242.514, 'eval_steps_per_second': 7.607, 'epoch': 10.0}
{'train_runtime': 5444.0324, 'train_samples_per_second': 74.43, 'train_steps_per_second': 2.327, 'train_loss': 0.3194267857046511, 'epoch': 10.0}
[['I release you, but can do no more.\n'], ['You have as much right to be a knight as any man.\n']]
['Thou shalt not take thee, but it shall not be able to do it.', "Thou art a strong man as a man's heart."]
BLEU:  27.05
CHRF: 24.41
TER: 80.01
Prediction 1: Thou shalt not take thee, but it shall not be able to do it.
Reference 1: I release you, but can do no more.

Prediction 2: Thou art a strong man as a man's heart.
Reference 2: You have as much right to be a knight as any man.

Prediction 3: It's not. Levi's mother's mother's brother.
Reference 3: No. Leave me alone.

Prediction 4: I'm going to get up to the top of your head!
Reference 4: I'm here to help!

Prediction 5: This is the thing that thou mayest make you to make a end of it. It is a thing that thou hast made you to make a thing that is able to be able to be able to be able to be able to do it.
Reference 5: All you wanna do is pee.

Prediction 6: And all the things that are written in the city, and all the things that are written in the midst of the area of the city, and the Egypt, in the time of winter, and in the bottom of the ground, and in the bottom of the ground.
Reference 6: And these platforms were certainly very helpful to activists in Tunisia and Egypt this past spring and beyond.

Prediction 7: He took the second mother's eyes, and the poor, and the poor, and the poor, and the poor, and the poor, and the poor, and the poor, and the poor, and the poor, and the poor.
Reference 7: He's an architect, and Charlie is deeply concerned about global climate change.

Prediction 8: It's full of your daughter's mother's mother's mother's mother's mother's mother's mother's mother.
Reference 8: She took my little girl.

Prediction 9: No, no, no, no, no, no, no, no, no, no, no, no, no, no, no, no, no, no, no, no, not, not, not, no, not, not.
Reference 9: No, please, it's not my freedom I seek.

Prediction 10: Water, you're going to go?
Reference 10: After all, who am I?

Prediction 11: I know it, Megan.
Reference 11: - I know, Megan.

Prediction 12: Take all your wings and your belly, and take you away.
Reference 12: Get all the weapons and ammo you can.

Prediction 13: Don't have a wife to know what it's wrong.
Reference 13: My daughter will get over it.

Prediction 14: For the land of the land of Angela Merkel, with the "Bok king of Puin's covenant more more more than a thousand indah.
Reference 14: - Chancellor Angela Merkel, during a news conference with President Putin.

Prediction 15: And Hosain Rahah, which is written by Aliph Jawbone, thou hast know, which thou hast given me to make an atonement for it.
Reference 15: And Hosain Rahman, the CEO of Aliph Jawbone, you know, really understands that you need a different structure.

Prediction 16: The word of the word that thou mayest cut off the weight of the sin offering, which is on the north side of the Amorites, which is the purpose of the work of the world, which is going to go to the plague of the plague.
Reference 16: The court order to seize organization property owned by Jehovah's Witnesses adds insult to injury.

Prediction 17: Thou hast seen him's swim.
Reference 17: You've already found him.

Prediction 18: When when it was not able to go down, it's not so much to be able to be able to go away.
Reference 18: Once there's no tumor to attack, there's nothing for the antibodies to get confused about.

Prediction 19: Huay friend, and lei, who is still in the end of this world.
Reference 19: - Okay, well, we are until this is all over.

Prediction 20: You will come to meet the "Bok."
Reference 20: I'll go check on Grandpa.

