21801 2423 1000
18719
Dataset({
    features: ['English', 'Bahnar', '__index_level_0__', 'input_ids', 'attention_mask', 'labels'],
    num_rows: 21801
})
21801
{'loss': 0.9127, 'grad_norm': 0.5033146142959595, 'learning_rate': 1.8533724340175954e-05, 'epoch': 0.73}
{'eval_loss': 0.5399478077888489, 'eval_runtime': 10.002, 'eval_samples_per_second': 242.252, 'eval_steps_per_second': 7.598, 'epoch': 1.0}
{'loss': 0.5703, 'grad_norm': 0.5431898236274719, 'learning_rate': 1.7067448680351906e-05, 'epoch': 1.47}
{'eval_loss': 0.45170342922210693, 'eval_runtime': 9.9556, 'eval_samples_per_second': 243.382, 'eval_steps_per_second': 7.634, 'epoch': 2.0}
{'loss': 0.5035, 'grad_norm': 0.5072173476219177, 'learning_rate': 1.560117302052786e-05, 'epoch': 2.2}
{'loss': 0.4557, 'grad_norm': 0.5022960305213928, 'learning_rate': 1.4134897360703815e-05, 'epoch': 2.93}
{'eval_loss': 0.40472832322120667, 'eval_runtime': 9.9608, 'eval_samples_per_second': 243.253, 'eval_steps_per_second': 7.63, 'epoch': 3.0}
{'loss': 0.4253, 'grad_norm': 0.46190130710601807, 'learning_rate': 1.2668621700879767e-05, 'epoch': 3.67}
{'eval_loss': 0.3756284713745117, 'eval_runtime': 9.9738, 'eval_samples_per_second': 242.937, 'eval_steps_per_second': 7.62, 'epoch': 4.0}
{'loss': 0.4034, 'grad_norm': 0.4347992241382599, 'learning_rate': 1.1202346041055718e-05, 'epoch': 4.4}
{'eval_loss': 0.3580773174762726, 'eval_runtime': 9.9554, 'eval_samples_per_second': 243.386, 'eval_steps_per_second': 7.634, 'epoch': 5.0}
{'loss': 0.3845, 'grad_norm': 0.4413756728172302, 'learning_rate': 9.736070381231672e-06, 'epoch': 5.13}
{'loss': 0.3712, 'grad_norm': 0.49841049313545227, 'learning_rate': 8.269794721407626e-06, 'epoch': 5.87}
{'eval_loss': 0.3452838361263275, 'eval_runtime': 9.9609, 'eval_samples_per_second': 243.252, 'eval_steps_per_second': 7.63, 'epoch': 6.0}
{'loss': 0.3621, 'grad_norm': 0.43470293283462524, 'learning_rate': 6.8035190615835775e-06, 'epoch': 6.6}
{'eval_loss': 0.33698567748069763, 'eval_runtime': 9.9672, 'eval_samples_per_second': 243.096, 'eval_steps_per_second': 7.625, 'epoch': 7.0}
{'loss': 0.353, 'grad_norm': 0.5339469909667969, 'learning_rate': 5.337243401759531e-06, 'epoch': 7.33}
{'eval_loss': 0.33145585656166077, 'eval_runtime': 9.9594, 'eval_samples_per_second': 243.288, 'eval_steps_per_second': 7.631, 'epoch': 8.0}
{'loss': 0.3459, 'grad_norm': 0.474099725484848, 'learning_rate': 3.870967741935484e-06, 'epoch': 8.06}
{'loss': 0.3423, 'grad_norm': 0.5084547996520996, 'learning_rate': 2.4046920821114372e-06, 'epoch': 8.8}
{'eval_loss': 0.3285057842731476, 'eval_runtime': 9.9666, 'eval_samples_per_second': 243.113, 'eval_steps_per_second': 7.625, 'epoch': 9.0}
{'loss': 0.3399, 'grad_norm': 0.5354198217391968, 'learning_rate': 9.384164222873901e-07, 'epoch': 9.53}
{'eval_loss': 0.3272923529148102, 'eval_runtime': 9.9603, 'eval_samples_per_second': 243.265, 'eval_steps_per_second': 7.63, 'epoch': 10.0}
{'train_runtime': 2971.6591, 'train_samples_per_second': 73.363, 'train_steps_per_second': 2.295, 'train_loss': 0.43888194512062406, 'epoch': 10.0}
[['Ĭnh achăng ih, mălei ưh kơ gơh pơm kiơ hloh dơ̆ng.\n'], ['Ih đei lơ trŏ kơ jing bơngai kơtang thoi mă bơngai bu ayơ.\n']]
['Inh arih im, mă-lei ưh kơ đei pơm kiơ', 'Ih kư̆m pơm kơjăp thoi bơngai ayăt']
BLEU:  44.18
CHRF: 45.16
TER: 29.03
Prediction 1: Inh arih im, mă-lei ưh kơ đei pơm kiơ
Reference 1: Ĭnh achăng ih, mălei ưh kơ gơh pơm kiơ hloh dơ̆ng.

Prediction 2: Ih kư̆m pơm kơjăp thoi bơngai ayăt
Reference 2: Ih đei lơ trŏ kơ jing bơngai kơtang thoi mă bơngai bu ayơ.

Prediction 3: Kon, ăn kơ inh minh tơmoi
Reference 3: Ưh. Lê̆ ĭnh adrô̆.

Prediction 4: Inh wă tơgŭm
Reference 4: Ĭnh tơâu wă tơgŭm!

Prediction 5: Sư ăn kơ kon drŏ-kăn inh
Reference 5: Hăp hlôi iŏk kon drŏkăn 'lơ̆p ĭnh.

Prediction 6: Ko, kon pơlei Inh kư̆m ưh kơ 'blŏk ôh
Reference 6: Ưh, 'noh jơ̆ ưh kơ sĭ tơdrong rơngei ĭnh mă ĭnh chơchă ôh.

Prediction 7: Lu bơngai, Inh ưh kơ đei?
Reference 7: Tuch luch, ĭnh jơ̆ bu?

Prediction 8: Inh băt, Megan
Reference 8: Ĭnh băt, Megan.

Prediction 9: Ăn kơ đ-đăng lu bơngai ayăt kơ ih kơdih
Reference 9: Iŏk đĭ dôm phao kơtuang păng 'brơ̆m ih gơh iŏk.

Prediction 10: Tơdrong pơmat-tat inh gô tơdrong noh
Reference 10: Kon drŏkăn ĭnh gô kĕ hlôi tơdrong noh.

Prediction 5: Đ-đăng lu im pơm kiơ
Reference 5: Dôm tơdrong ih wă pơm jơ̆ chă-'nôm.#Dôm tơdrong ih wă pơm jơ̆ chă-bơyơ̆ng.#Dôm tơdrong ih wă pơm jơ̆ chă-hơyô.

Prediction 6: Lu bơngai pơmat-tat pơmat-tat 'bơ̆t anăp kon pơlei Siri păng dêh char Êyiptơ
Reference 6: Păng dôm atur âu jơ̆ sĭt đei yuơ tơpă kơ khul bơ̆jang tơ Tunisia păng Egypt pơyan ninơng hlôi âu păng hloh 'biơ̆ dơ̆ng.

Prediction 7: Sư adrch tang-dŏ păng pơlei pơlei Kră Yang 'Bok Kei-Dei đei tơdrong glung pơlôch
Reference 7: Sư jơ̆ mĭnh 'nu bơngai bơ̆pơm, păng Charlie bơbĕng dêh gah tơdrong tơplih hơyuh yơm jơ̆p bŏlteh.

Prediction 8: Sư ăn kơ kon drŏ-kăn inh
Reference 8: Hăp hlôi iŏk kon drŏkăn 'lơ̆p ĭnh.

Prediction 9: Ko, kon pơlei Inh kư̆m ưh kơ 'blŏk ôh
Reference 9: Ưh, 'noh jơ̆ ưh kơ sĭ tơdrong rơngei ĭnh mă ĭnh chơchă ôh.

Prediction 10: Lu bơngai, Inh ưh kơ đei?
Reference 10: Tuch luch, ĭnh jơ̆ bu?



Prediction 14: Lu bơngai pơlei Angela Merkel, đei lơ tơdrong 'lơ̆ng tơpăt hăm pơgơ̆r Putin
Reference 14: Kơdră tehđak Angela Merkel, hơdai hăm 'Bok pơgơ̆r Putin hơnang lơ̆m tơjrơ̆m roipơdah.

Prediction 15: Păng Hôsain Ra khiên, bơngai bơ̆jang tơdrong jang jang jang jang, bơngai jang tơdrong jang jang tơdrong jang, lu im băt kơ im băt kơ im pơm kơ im kư̆m pơm kơjăp
Reference 15: Păng Hosain Rahman, Tơ'ngla wei hwơ̆r Aliph Jawbone, ih băt, hlôh mă tơpă noh ih kăl mĭnh pơkăp pha.

Prediction 16: Kră Yang 'Bok Kei-Dei ăn kơ lu bơngai lui kơ lu bơngai lui kơjăp kơ pơm kơnê̆ 'bơ̆t anăp lu bơngai lui kơdih
Reference 16: Nơ̆r athei anih sektơlang pơdŭ iŏk mŭk tơmam tơrô̆ pơjing gah Bơngai Răroi Jehovah yuơ pơthim ming tơdrong pơ'brơh truh tơ tơdrong jĭ rơka.

Prediction 17: Kră Yang 'Bok Kei-Dei 'bôh sư
Reference 17: Ih kah chă 'bôh sư bơih.

Prediction 18: Bơngai noh ưh kơ đei tuo pơm kơnê̆, ưh kơ đei bu pơm kơnê̆ pơmat-tat ôh
Reference 18: Mưh ưh kơ đei tơpu jĭ ayơ pơjĭ, leijơ̆ lu bơwei akâu ưh kơ đei hơwơ̆l kiơ ôh.

Prediction 19: Kon pơlei, bơ̆n tơpăt tơpăt
Reference 19: Huay ôh, lei, bơ̆n oei tơ âu truh kơ tơdrong âu keh đang.

Prediction 20: Inh kư̆m apinh 'Bok Kei-Dei
Reference 20: Ĭnh gô năm hơlen lăng 'Bok.

